The system is: Linux - 4.15.0-72-generic - x86_64
Compiling the C compiler identification source file "CMakeCCompilerId.c" succeeded.
Compiler: /usr/bin/cc 
Build flags: 
Id flags:  

The output was:
0


Compilation of the C compiler identification source "CMakeCCompilerId.c" produced "a.out"

The C compiler identification is GNU, found in "/home/ren/github/test/camera/yuv2jpeg/libjpeg-turbo-master/CMakeFiles/3.10.2/CompilerIdC/a.out"

Determining if the C compiler works passed with the following output:
Change Dir: /home/ren/github/test/camera/yuv2jpeg/libjpeg-turbo-master/CMakeFiles/CMakeTmp

Run Build Command:"/usr/bin/make" "cmTC_bacee/fast"
/usr/bin/make -f CMakeFiles/cmTC_bacee.dir/build.make CMakeFiles/cmTC_bacee.dir/build
make[1]: 进入目录“/home/ren/github/test/camera/yuv2jpeg/libjpeg-turbo-master/CMakeFiles/CMakeTmp”
Building C object CMakeFiles/cmTC_bacee.dir/testCCompiler.c.o
/usr/bin/cc    -o CMakeFiles/cmTC_bacee.dir/testCCompiler.c.o   -c /home/ren/github/test/camera/yuv2jpeg/libjpeg-turbo-master/CMakeFiles/CMakeTmp/testCCompiler.c
Linking C executable cmTC_bacee
/usr/bin/cmake -E cmake_link_script CMakeFiles/cmTC_bacee.dir/link.txt --verbose=1
/usr/bin/cc      -rdynamic CMakeFiles/cmTC_bacee.dir/testCCompiler.c.o  -o cmTC_bacee 
make[1]: 离开目录“/home/ren/github/test/camera/yuv2jpeg/libjpeg-turbo-master/CMakeFiles/CMakeTmp”


Detecting C compiler ABI info compiled with the following output:
Change Dir: /home/ren/github/test/camera/yuv2jpeg/libjpeg-turbo-master/CMakeFiles/CMakeTmp

Run Build Command:"/usr/bin/make" "cmTC_b0964/fast"
/usr/bin/make -f CMakeFiles/cmTC_b0964.dir/build.make CMakeFiles/cmTC_b0964.dir/build
make[1]: 进入目录“/home/ren/github/test/camera/yuv2jpeg/libjpeg-turbo-master/CMakeFiles/CMakeTmp”
Building C object CMakeFiles/cmTC_b0964.dir/CMakeCCompilerABI.c.o
/usr/bin/cc    -o CMakeFiles/cmTC_b0964.dir/CMakeCCompilerABI.c.o   -c /usr/share/cmake-3.10/Modules/CMakeCCompilerABI.c
Linking C executable cmTC_b0964
/usr/bin/cmake -E cmake_link_script CMakeFiles/cmTC_b0964.dir/link.txt --verbose=1
/usr/bin/cc     -v -rdynamic CMakeFiles/cmTC_b0964.dir/CMakeCCompilerABI.c.o  -o cmTC_b0964 
Using built-in specs.
COLLECT_GCC=/usr/bin/cc
COLLECT_LTO_WRAPPER=/usr/lib/gcc/x86_64-linux-gnu/7/lto-wrapper
OFFLOAD_TARGET_NAMES=nvptx-none
OFFLOAD_TARGET_DEFAULT=1
Target: x86_64-linux-gnu
Configured with: ../src/configure -v --with-pkgversion='Ubuntu 7.4.0-1ubuntu1~18.04.1' --with-bugurl=file:///usr/share/doc/gcc-7/README.Bugs --enable-languages=c,ada,c++,go,brig,d,fortran,objc,obj-c++ --prefix=/usr --with-gcc-major-version-only --program-suffix=-7 --program-prefix=x86_64-linux-gnu- --enable-shared --enable-linker-build-id --libexecdir=/usr/lib --without-included-gettext --enable-threads=posix --libdir=/usr/lib --enable-nls --with-sysroot=/ --enable-clocale=gnu --enable-libstdcxx-debug --enable-libstdcxx-time=yes --with-default-libstdcxx-abi=new --enable-gnu-unique-object --disable-vtable-verify --enable-libmpx --enable-plugin --enable-default-pie --with-system-zlib --with-target-system-zlib --enable-objc-gc=auto --enable-multiarch --disable-werror --with-arch-32=i686 --with-abi=m64 --with-multilib-list=m32,m64,mx32 --enable-multilib --with-tune=generic --enable-offload-targets=nvptx-none --without-cuda-driver --enable-checking=release --build=x86_64-linux-gnu --host=x86_64-linux-gnu --target=x86_64-linux-gnu
Thread model: posix
gcc version 7.4.0 (Ubuntu 7.4.0-1ubuntu1~18.04.1) 
COMPILER_PATH=/usr/lib/gcc/x86_64-linux-gnu/7/:/usr/lib/gcc/x86_64-linux-gnu/7/:/usr/lib/gcc/x86_64-linux-gnu/:/usr/lib/gcc/x86_64-linux-gnu/7/:/usr/lib/gcc/x86_64-linux-gnu/
LIBRARY_PATH=/usr/lib/gcc/x86_64-linux-gnu/7/:/usr/lib/gcc/x86_64-linux-gnu/7/../../../x86_64-linux-gnu/:/usr/lib/gcc/x86_64-linux-gnu/7/../../../../lib/:/lib/x86_64-linux-gnu/:/lib/../lib/:/usr/lib/x86_64-linux-gnu/:/usr/lib/../lib/:/usr/lib/gcc/x86_64-linux-gnu/7/../../../:/lib/:/usr/lib/
COLLECT_GCC_OPTIONS='-v' '-rdynamic' '-o' 'cmTC_b0964' '-mtune=generic' '-march=x86-64'
 /usr/lib/gcc/x86_64-linux-gnu/7/collect2 -plugin /usr/lib/gcc/x86_64-linux-gnu/7/liblto_plugin.so -plugin-opt=/usr/lib/gcc/x86_64-linux-gnu/7/lto-wrapper -plugin-opt=-fresolution=/tmp/ccSGf9dt.res -plugin-opt=-pass-through=-lgcc -plugin-opt=-pass-through=-lgcc_s -plugin-opt=-pass-through=-lc -plugin-opt=-pass-through=-lgcc -plugin-opt=-pass-through=-lgcc_s --sysroot=/ --build-id --eh-frame-hdr -m elf_x86_64 --hash-style=gnu --as-needed -export-dynamic -dynamic-linker /lib64/ld-linux-x86-64.so.2 -pie -z now -z relro -o cmTC_b0964 /usr/lib/gcc/x86_64-linux-gnu/7/../../../x86_64-linux-gnu/Scrt1.o /usr/lib/gcc/x86_64-linux-gnu/7/../../../x86_64-linux-gnu/crti.o /usr/lib/gcc/x86_64-linux-gnu/7/crtbeginS.o -L/usr/lib/gcc/x86_64-linux-gnu/7 -L/usr/lib/gcc/x86_64-linux-gnu/7/../../../x86_64-linux-gnu -L/usr/lib/gcc/x86_64-linux-gnu/7/../../../../lib -L/lib/x86_64-linux-gnu -L/lib/../lib -L/usr/lib/x86_64-linux-gnu -L/usr/lib/../lib -L/usr/lib/gcc/x86_64-linux-gnu/7/../../.. CMakeFiles/cmTC_b0964.dir/CMakeCCompilerABI.c.o -lgcc --push-state --as-needed -lgcc_s --pop-state -lc -lgcc --push-state --as-needed -lgcc_s --pop-state /usr/lib/gcc/x86_64-linux-gnu/7/crtendS.o /usr/lib/gcc/x86_64-linux-gnu/7/../../../x86_64-linux-gnu/crtn.o
COLLECT_GCC_OPTIONS='-v' '-rdynamic' '-o' 'cmTC_b0964' '-mtune=generic' '-march=x86-64'
make[1]: 离开目录“/home/ren/github/test/camera/yuv2jpeg/libjpeg-turbo-master/CMakeFiles/CMakeTmp”


Parsed C implicit link information from above output:
  link line regex: [^( *|.*[/\])(ld|CMAKE_LINK_STARTFILE-NOTFOUND|([^/\]+-)?ld|collect2)[^/\]*( |$)]
  ignore line: [Change Dir: /home/ren/github/test/camera/yuv2jpeg/libjpeg-turbo-master/CMakeFiles/CMakeTmp]
  ignore line: []
  ignore line: [Run Build Command:"/usr/bin/make" "cmTC_b0964/fast"]
  ignore line: [/usr/bin/make -f CMakeFiles/cmTC_b0964.dir/build.make CMakeFiles/cmTC_b0964.dir/build]
  ignore line: [make[1]: 进入目录“/home/ren/github/test/camera/yuv2jpeg/libjpeg-turbo-master/CMakeFiles/CMakeTmp”]
  ignore line: [Building C object CMakeFiles/cmTC_b0964.dir/CMakeCCompilerABI.c.o]
  ignore line: [/usr/bin/cc    -o CMakeFiles/cmTC_b0964.dir/CMakeCCompilerABI.c.o   -c /usr/share/cmake-3.10/Modules/CMakeCCompilerABI.c]
  ignore line: [Linking C executable cmTC_b0964]
  ignore line: [/usr/bin/cmake -E cmake_link_script CMakeFiles/cmTC_b0964.dir/link.txt --verbose=1]
  ignore line: [/usr/bin/cc     -v -rdynamic CMakeFiles/cmTC_b0964.dir/CMakeCCompilerABI.c.o  -o cmTC_b0964 ]
  ignore line: [Using built-in specs.]
  ignore line: [COLLECT_GCC=/usr/bin/cc]
  ignore line: [COLLECT_LTO_WRAPPER=/usr/lib/gcc/x86_64-linux-gnu/7/lto-wrapper]
  ignore line: [OFFLOAD_TARGET_NAMES=nvptx-none]
  ignore line: [OFFLOAD_TARGET_DEFAULT=1]
  ignore line: [Target: x86_64-linux-gnu]
  ignore line: [Configured with: ../src/configure -v --with-pkgversion='Ubuntu 7.4.0-1ubuntu1~18.04.1' --with-bugurl=file:///usr/share/doc/gcc-7/README.Bugs --enable-languages=c,ada,c++,go,brig,d,fortran,objc,obj-c++ --prefix=/usr --with-gcc-major-version-only --program-suffix=-7 --program-prefix=x86_64-linux-gnu- --enable-shared --enable-linker-build-id --libexecdir=/usr/lib --without-included-gettext --enable-threads=posix --libdir=/usr/lib --enable-nls --with-sysroot=/ --enable-clocale=gnu --enable-libstdcxx-debug --enable-libstdcxx-time=yes --with-default-libstdcxx-abi=new --enable-gnu-unique-object --disable-vtable-verify --enable-libmpx --enable-plugin --enable-default-pie --with-system-zlib --with-target-system-zlib --enable-objc-gc=auto --enable-multiarch --disable-werror --with-arch-32=i686 --with-abi=m64 --with-multilib-list=m32,m64,mx32 --enable-multilib --with-tune=generic --enable-offload-targets=nvptx-none --without-cuda-driver --enable-checking=release --build=x86_64-linux-gnu --host=x86_64-linux-gnu --target=x86_64-linux-gnu]
  ignore line: [Thread model: posix]
  ignore line: [gcc version 7.4.0 (Ubuntu 7.4.0-1ubuntu1~18.04.1) ]
  ignore line: [COMPILER_PATH=/usr/lib/gcc/x86_64-linux-gnu/7/:/usr/lib/gcc/x86_64-linux-gnu/7/:/usr/lib/gcc/x86_64-linux-gnu/:/usr/lib/gcc/x86_64-linux-gnu/7/:/usr/lib/gcc/x86_64-linux-gnu/]
  ignore line: [LIBRARY_PATH=/usr/lib/gcc/x86_64-linux-gnu/7/:/usr/lib/gcc/x86_64-linux-gnu/7/../../../x86_64-linux-gnu/:/usr/lib/gcc/x86_64-linux-gnu/7/../../../../lib/:/lib/x86_64-linux-gnu/:/lib/../lib/:/usr/lib/x86_64-linux-gnu/:/usr/lib/../lib/:/usr/lib/gcc/x86_64-linux-gnu/7/../../../:/lib/:/usr/lib/]
  ignore line: [COLLECT_GCC_OPTIONS='-v' '-rdynamic' '-o' 'cmTC_b0964' '-mtune=generic' '-march=x86-64']
  link line: [ /usr/lib/gcc/x86_64-linux-gnu/7/collect2 -plugin /usr/lib/gcc/x86_64-linux-gnu/7/liblto_plugin.so -plugin-opt=/usr/lib/gcc/x86_64-linux-gnu/7/lto-wrapper -plugin-opt=-fresolution=/tmp/ccSGf9dt.res -plugin-opt=-pass-through=-lgcc -plugin-opt=-pass-through=-lgcc_s -plugin-opt=-pass-through=-lc -plugin-opt=-pass-through=-lgcc -plugin-opt=-pass-through=-lgcc_s --sysroot=/ --build-id --eh-frame-hdr -m elf_x86_64 --hash-style=gnu --as-needed -export-dynamic -dynamic-linker /lib64/ld-linux-x86-64.so.2 -pie -z now -z relro -o cmTC_b0964 /usr/lib/gcc/x86_64-linux-gnu/7/../../../x86_64-linux-gnu/Scrt1.o /usr/lib/gcc/x86_64-linux-gnu/7/../../../x86_64-linux-gnu/crti.o /usr/lib/gcc/x86_64-linux-gnu/7/crtbeginS.o -L/usr/lib/gcc/x86_64-linux-gnu/7 -L/usr/lib/gcc/x86_64-linux-gnu/7/../../../x86_64-linux-gnu -L/usr/lib/gcc/x86_64-linux-gnu/7/../../../../lib -L/lib/x86_64-linux-gnu -L/lib/../lib -L/usr/lib/x86_64-linux-gnu -L/usr/lib/../lib -L/usr/lib/gcc/x86_64-linux-gnu/7/../../.. CMakeFiles/cmTC_b0964.dir/CMakeCCompilerABI.c.o -lgcc --push-state --as-needed -lgcc_s --pop-state -lc -lgcc --push-state --as-needed -lgcc_s --pop-state /usr/lib/gcc/x86_64-linux-gnu/7/crtendS.o /usr/lib/gcc/x86_64-linux-gnu/7/../../../x86_64-linux-gnu/crtn.o]
    arg [/usr/lib/gcc/x86_64-linux-gnu/7/collect2] ==> ignore
    arg [-plugin] ==> ignore
    arg [/usr/lib/gcc/x86_64-linux-gnu/7/liblto_plugin.so] ==> ignore
    arg [-plugin-opt=/usr/lib/gcc/x86_64-linux-gnu/7/lto-wrapper] ==> ignore
    arg [-plugin-opt=-fresolution=/tmp/ccSGf9dt.res] ==> ignore
    arg [-plugin-opt=-pass-through=-lgcc] ==> ignore
    arg [-plugin-opt=-pass-through=-lgcc_s] ==> ignore
    arg [-plugin-opt=-pass-through=-lc] ==> ignore
    arg [-plugin-opt=-pass-through=-lgcc] ==> ignore
    arg [-plugin-opt=-pass-through=-lgcc_s] ==> ignore
    arg [--sysroot=/] ==> ignore
    arg [--build-id] ==> ignore
    arg [--eh-frame-hdr] ==> ignore
    arg [-m] ==> ignore
    arg [elf_x86_64] ==> ignore
    arg [--hash-style=gnu] ==> ignore
    arg [--as-needed] ==> ignore
    arg [-export-dynamic] ==> ignore
    arg [-dynamic-linker] ==> ignore
    arg [/lib64/ld-linux-x86-64.so.2] ==> ignore
    arg [-pie] ==> ignore
    arg [-znow] ==> ignore
    arg [-zrelro] ==> ignore
    arg [-o] ==> ignore
    arg [cmTC_b0964] ==> ignore
    arg [/usr/lib/gcc/x86_64-linux-gnu/7/../../../x86_64-linux-gnu/Scrt1.o] ==> ignore
    arg [/usr/lib/gcc/x86_64-linux-gnu/7/../../../x86_64-linux-gnu/crti.o] ==> ignore
    arg [/usr/lib/gcc/x86_64-linux-gnu/7/crtbeginS.o] ==> ignore
    arg [-L/usr/lib/gcc/x86_64-linux-gnu/7] ==> dir [/usr/lib/gcc/x86_64-linux-gnu/7]
    arg [-L/usr/lib/gcc/x86_64-linux-gnu/7/../../../x86_64-linux-gnu] ==> dir [/usr/lib/gcc/x86_64-linux-gnu/7/../../../x86_64-linux-gnu]
    arg [-L/usr/lib/gcc/x86_64-linux-gnu/7/../../../../lib] ==> dir [/usr/lib/gcc/x86_64-linux-gnu/7/../../../../lib]
    arg [-L/lib/x86_64-linux-gnu] ==> dir [/lib/x86_64-linux-gnu]
    arg [-L/lib/../lib] ==> dir [/lib/../lib]
    arg [-L/usr/lib/x86_64-linux-gnu] ==> dir [/usr/lib/x86_64-linux-gnu]
    arg [-L/usr/lib/../lib] ==> dir [/usr/lib/../lib]
    arg [-L/usr/lib/gcc/x86_64-linux-gnu/7/../../..] ==> dir [/usr/lib/gcc/x86_64-linux-gnu/7/../../..]
    arg [CMakeFiles/cmTC_b0964.dir/CMakeCCompilerABI.c.o] ==> ignore
    arg [-lgcc] ==> lib [gcc]
    arg [--push-state] ==> ignore
    arg [--as-needed] ==> ignore
    arg [-lgcc_s] ==> lib [gcc_s]
    arg [--pop-state] ==> ignore
    arg [-lc] ==> lib [c]
    arg [-lgcc] ==> lib [gcc]
    arg [--push-state] ==> ignore
    arg [--as-needed] ==> ignore
    arg [-lgcc_s] ==> lib [gcc_s]
    arg [--pop-state] ==> ignore
    arg [/usr/lib/gcc/x86_64-linux-gnu/7/crtendS.o] ==> ignore
    arg [/usr/lib/gcc/x86_64-linux-gnu/7/../../../x86_64-linux-gnu/crtn.o] ==> ignore
  collapse library dir [/usr/lib/gcc/x86_64-linux-gnu/7] ==> [/usr/lib/gcc/x86_64-linux-gnu/7]
  collapse library dir [/usr/lib/gcc/x86_64-linux-gnu/7/../../../x86_64-linux-gnu] ==> [/usr/lib/x86_64-linux-gnu]
  collapse library dir [/usr/lib/gcc/x86_64-linux-gnu/7/../../../../lib] ==> [/usr/lib]
  collapse library dir [/lib/x86_64-linux-gnu] ==> [/lib/x86_64-linux-gnu]
  collapse library dir [/lib/../lib] ==> [/lib]
  collapse library dir [/usr/lib/x86_64-linux-gnu] ==> [/usr/lib/x86_64-linux-gnu]
  collapse library dir [/usr/lib/../lib] ==> [/usr/lib]
  collapse library dir [/usr/lib/gcc/x86_64-linux-gnu/7/../../..] ==> [/usr/lib]
  implicit libs: [gcc;gcc_s;c;gcc;gcc_s]
  implicit dirs: [/usr/lib/gcc/x86_64-linux-gnu/7;/usr/lib/x86_64-linux-gnu;/usr/lib;/lib/x86_64-linux-gnu;/lib]
  implicit fwks: []




Detecting C [-std=c11] compiler features compiled with the following output:
Change Dir: /home/ren/github/test/camera/yuv2jpeg/libjpeg-turbo-master/CMakeFiles/CMakeTmp

Run Build Command:"/usr/bin/make" "cmTC_8499f/fast"
/usr/bin/make -f CMakeFiles/cmTC_8499f.dir/build.make CMakeFiles/cmTC_8499f.dir/build
make[1]: 进入目录“/home/ren/github/test/camera/yuv2jpeg/libjpeg-turbo-master/CMakeFiles/CMakeTmp”
Building C object CMakeFiles/cmTC_8499f.dir/feature_tests.c.o
/usr/bin/cc   -std=c11 -o CMakeFiles/cmTC_8499f.dir/feature_tests.c.o   -c /home/ren/github/test/camera/yuv2jpeg/libjpeg-turbo-master/CMakeFiles/feature_tests.c
Linking C executable cmTC_8499f
/usr/bin/cmake -E cmake_link_script CMakeFiles/cmTC_8499f.dir/link.txt --verbose=1
/usr/bin/cc      -rdynamic CMakeFiles/cmTC_8499f.dir/feature_tests.c.o  -o cmTC_8499f 
make[1]: 离开目录“/home/ren/github/test/camera/yuv2jpeg/libjpeg-turbo-master/CMakeFiles/CMakeTmp”


    Feature record: C_FEATURE:1c_function_prototypes
    Feature record: C_FEATURE:1c_restrict
    Feature record: C_FEATURE:1c_static_assert
    Feature record: C_FEATURE:1c_variadic_macros


Detecting C [-std=c99] compiler features compiled with the following output:
Change Dir: /home/ren/github/test/camera/yuv2jpeg/libjpeg-turbo-master/CMakeFiles/CMakeTmp

Run Build Command:"/usr/bin/make" "cmTC_45596/fast"
/usr/bin/make -f CMakeFiles/cmTC_45596.dir/build.make CMakeFiles/cmTC_45596.dir/build
make[1]: 进入目录“/home/ren/github/test/camera/yuv2jpeg/libjpeg-turbo-master/CMakeFiles/CMakeTmp”
Building C object CMakeFiles/cmTC_45596.dir/feature_tests.c.o
/usr/bin/cc   -std=c99 -o CMakeFiles/cmTC_45596.dir/feature_tests.c.o   -c /home/ren/github/test/camera/yuv2jpeg/libjpeg-turbo-master/CMakeFiles/feature_tests.c
Linking C executable cmTC_45596
/usr/bin/cmake -E cmake_link_script CMakeFiles/cmTC_45596.dir/link.txt --verbose=1
/usr/bin/cc      -rdynamic CMakeFiles/cmTC_45596.dir/feature_tests.c.o  -o cmTC_45596 
make[1]: 离开目录“/home/ren/github/test/camera/yuv2jpeg/libjpeg-turbo-master/CMakeFiles/CMakeTmp”


    Feature record: C_FEATURE:1c_function_prototypes
    Feature record: C_FEATURE:1c_restrict
    Feature record: C_FEATURE:0c_static_assert
    Feature record: C_FEATURE:1c_variadic_macros


Detecting C [-std=c90] compiler features compiled with the following output:
Change Dir: /home/ren/github/test/camera/yuv2jpeg/libjpeg-turbo-master/CMakeFiles/CMakeTmp

Run Build Command:"/usr/bin/make" "cmTC_9eb1a/fast"
/usr/bin/make -f CMakeFiles/cmTC_9eb1a.dir/build.make CMakeFiles/cmTC_9eb1a.dir/build
make[1]: 进入目录“/home/ren/github/test/camera/yuv2jpeg/libjpeg-turbo-master/CMakeFiles/CMakeTmp”
Building C object CMakeFiles/cmTC_9eb1a.dir/feature_tests.c.o
/usr/bin/cc   -std=c90 -o CMakeFiles/cmTC_9eb1a.dir/feature_tests.c.o   -c /home/ren/github/test/camera/yuv2jpeg/libjpeg-turbo-master/CMakeFiles/feature_tests.c
Linking C executable cmTC_9eb1a
/usr/bin/cmake -E cmake_link_script CMakeFiles/cmTC_9eb1a.dir/link.txt --verbose=1
/usr/bin/cc      -rdynamic CMakeFiles/cmTC_9eb1a.dir/feature_tests.c.o  -o cmTC_9eb1a 
make[1]: 离开目录“/home/ren/github/test/camera/yuv2jpeg/libjpeg-turbo-master/CMakeFiles/CMakeTmp”


    Feature record: C_FEATURE:1c_function_prototypes
    Feature record: C_FEATURE:0c_restrict
    Feature record: C_FEATURE:0c_static_assert
    Feature record: C_FEATURE:0c_variadic_macros
Determining if the include file sys/types.h exists passed with the following output:
Change Dir: /home/ren/github/test/camera/yuv2jpeg/libjpeg-turbo-master/CMakeFiles/CMakeTmp

Run Build Command:"/usr/bin/make" "cmTC_e2b04/fast"
/usr/bin/make -f CMakeFiles/cmTC_e2b04.dir/build.make CMakeFiles/cmTC_e2b04.dir/build
make[1]: 进入目录“/home/ren/github/test/camera/yuv2jpeg/libjpeg-turbo-master/CMakeFiles/CMakeTmp”
Building C object CMakeFiles/cmTC_e2b04.dir/CheckIncludeFile.c.o
/usr/bin/cc    -o CMakeFiles/cmTC_e2b04.dir/CheckIncludeFile.c.o   -c /home/ren/github/test/camera/yuv2jpeg/libjpeg-turbo-master/CMakeFiles/CMakeTmp/CheckIncludeFile.c
Linking C executable cmTC_e2b04
/usr/bin/cmake -E cmake_link_script CMakeFiles/cmTC_e2b04.dir/link.txt --verbose=1
/usr/bin/cc      -rdynamic CMakeFiles/cmTC_e2b04.dir/CheckIncludeFile.c.o  -o cmTC_e2b04 
make[1]: 离开目录“/home/ren/github/test/camera/yuv2jpeg/libjpeg-turbo-master/CMakeFiles/CMakeTmp”


Determining if the include file stdint.h exists passed with the following output:
Change Dir: /home/ren/github/test/camera/yuv2jpeg/libjpeg-turbo-master/CMakeFiles/CMakeTmp

Run Build Command:"/usr/bin/make" "cmTC_49c6c/fast"
/usr/bin/make -f CMakeFiles/cmTC_49c6c.dir/build.make CMakeFiles/cmTC_49c6c.dir/build
make[1]: 进入目录“/home/ren/github/test/camera/yuv2jpeg/libjpeg-turbo-master/CMakeFiles/CMakeTmp”
Building C object CMakeFiles/cmTC_49c6c.dir/CheckIncludeFile.c.o
/usr/bin/cc    -o CMakeFiles/cmTC_49c6c.dir/CheckIncludeFile.c.o   -c /home/ren/github/test/camera/yuv2jpeg/libjpeg-turbo-master/CMakeFiles/CMakeTmp/CheckIncludeFile.c
Linking C executable cmTC_49c6c
/usr/bin/cmake -E cmake_link_script CMakeFiles/cmTC_49c6c.dir/link.txt --verbose=1
/usr/bin/cc      -rdynamic CMakeFiles/cmTC_49c6c.dir/CheckIncludeFile.c.o  -o cmTC_49c6c 
make[1]: 离开目录“/home/ren/github/test/camera/yuv2jpeg/libjpeg-turbo-master/CMakeFiles/CMakeTmp”


Determining if the include file stddef.h exists passed with the following output:
Change Dir: /home/ren/github/test/camera/yuv2jpeg/libjpeg-turbo-master/CMakeFiles/CMakeTmp

Run Build Command:"/usr/bin/make" "cmTC_3822c/fast"
/usr/bin/make -f CMakeFiles/cmTC_3822c.dir/build.make CMakeFiles/cmTC_3822c.dir/build
make[1]: 进入目录“/home/ren/github/test/camera/yuv2jpeg/libjpeg-turbo-master/CMakeFiles/CMakeTmp”
Building C object CMakeFiles/cmTC_3822c.dir/CheckIncludeFile.c.o
/usr/bin/cc    -o CMakeFiles/cmTC_3822c.dir/CheckIncludeFile.c.o   -c /home/ren/github/test/camera/yuv2jpeg/libjpeg-turbo-master/CMakeFiles/CMakeTmp/CheckIncludeFile.c
Linking C executable cmTC_3822c
/usr/bin/cmake -E cmake_link_script CMakeFiles/cmTC_3822c.dir/link.txt --verbose=1
/usr/bin/cc      -rdynamic CMakeFiles/cmTC_3822c.dir/CheckIncludeFile.c.o  -o cmTC_3822c 
make[1]: 离开目录“/home/ren/github/test/camera/yuv2jpeg/libjpeg-turbo-master/CMakeFiles/CMakeTmp”


Determining size of size_t passed with the following output:
Change Dir: /home/ren/github/test/camera/yuv2jpeg/libjpeg-turbo-master/CMakeFiles/CMakeTmp

Run Build Command:"/usr/bin/make" "cmTC_3188b/fast"
/usr/bin/make -f CMakeFiles/cmTC_3188b.dir/build.make CMakeFiles/cmTC_3188b.dir/build
make[1]: 进入目录“/home/ren/github/test/camera/yuv2jpeg/libjpeg-turbo-master/CMakeFiles/CMakeTmp”
Building C object CMakeFiles/cmTC_3188b.dir/SIZE_T.c.o
/usr/bin/cc    -o CMakeFiles/cmTC_3188b.dir/SIZE_T.c.o   -c /home/ren/github/test/camera/yuv2jpeg/libjpeg-turbo-master/CMakeFiles/CheckTypeSize/SIZE_T.c
Linking C executable cmTC_3188b
/usr/bin/cmake -E cmake_link_script CMakeFiles/cmTC_3188b.dir/link.txt --verbose=1
/usr/bin/cc      -rdynamic CMakeFiles/cmTC_3188b.dir/SIZE_T.c.o  -o cmTC_3188b 
make[1]: 离开目录“/home/ren/github/test/camera/yuv2jpeg/libjpeg-turbo-master/CMakeFiles/CMakeTmp”


Determining size of unsigned long passed with the following output:
Change Dir: /home/ren/github/test/camera/yuv2jpeg/libjpeg-turbo-master/CMakeFiles/CMakeTmp

Run Build Command:"/usr/bin/make" "cmTC_24ba1/fast"
/usr/bin/make -f CMakeFiles/cmTC_24ba1.dir/build.make CMakeFiles/cmTC_24ba1.dir/build
make[1]: 进入目录“/home/ren/github/test/camera/yuv2jpeg/libjpeg-turbo-master/CMakeFiles/CMakeTmp”
Building C object CMakeFiles/cmTC_24ba1.dir/UNSIGNED_LONG.c.o
/usr/bin/cc    -o CMakeFiles/cmTC_24ba1.dir/UNSIGNED_LONG.c.o   -c /home/ren/github/test/camera/yuv2jpeg/libjpeg-turbo-master/CMakeFiles/CheckTypeSize/UNSIGNED_LONG.c
Linking C executable cmTC_24ba1
/usr/bin/cmake -E cmake_link_script CMakeFiles/cmTC_24ba1.dir/link.txt --verbose=1
/usr/bin/cc      -rdynamic CMakeFiles/cmTC_24ba1.dir/UNSIGNED_LONG.c.o  -o cmTC_24ba1 
make[1]: 离开目录“/home/ren/github/test/camera/yuv2jpeg/libjpeg-turbo-master/CMakeFiles/CMakeTmp”


Performing C SOURCE FILE Test HAVE_BUILTIN_CTZL succeeded with the following output:
Change Dir: /home/ren/github/test/camera/yuv2jpeg/libjpeg-turbo-master/CMakeFiles/CMakeTmp

Run Build Command:"/usr/bin/make" "cmTC_4207a/fast"
/usr/bin/make -f CMakeFiles/cmTC_4207a.dir/build.make CMakeFiles/cmTC_4207a.dir/build
make[1]: 进入目录“/home/ren/github/test/camera/yuv2jpeg/libjpeg-turbo-master/CMakeFiles/CMakeTmp”
Building C object CMakeFiles/cmTC_4207a.dir/src.c.o
/usr/bin/cc   -DHAVE_BUILTIN_CTZL   -o CMakeFiles/cmTC_4207a.dir/src.c.o   -c /home/ren/github/test/camera/yuv2jpeg/libjpeg-turbo-master/CMakeFiles/CMakeTmp/src.c
Linking C executable cmTC_4207a
/usr/bin/cmake -E cmake_link_script CMakeFiles/cmTC_4207a.dir/link.txt --verbose=1
/usr/bin/cc  -DHAVE_BUILTIN_CTZL    -rdynamic CMakeFiles/cmTC_4207a.dir/src.c.o  -o cmTC_4207a 
make[1]: 离开目录“/home/ren/github/test/camera/yuv2jpeg/libjpeg-turbo-master/CMakeFiles/CMakeTmp”

Source file was:
int main(int argc, char **argv) { unsigned long a = argc;  return __builtin_ctzl(a); }
Determining if files locale.h exist passed with the following output:
Change Dir: /home/ren/github/test/camera/yuv2jpeg/libjpeg-turbo-master/CMakeFiles/CMakeTmp

Run Build Command:"/usr/bin/make" "cmTC_6cbf9/fast"
/usr/bin/make -f CMakeFiles/cmTC_6cbf9.dir/build.make CMakeFiles/cmTC_6cbf9.dir/build
make[1]: 进入目录“/home/ren/github/test/camera/yuv2jpeg/libjpeg-turbo-master/CMakeFiles/CMakeTmp”
Building C object CMakeFiles/cmTC_6cbf9.dir/CheckIncludeFiles.c.o
/usr/bin/cc    -o CMakeFiles/cmTC_6cbf9.dir/CheckIncludeFiles.c.o   -c /home/ren/github/test/camera/yuv2jpeg/libjpeg-turbo-master/CMakeFiles/CMakeTmp/CheckIncludeFiles.c
Linking C executable cmTC_6cbf9
/usr/bin/cmake -E cmake_link_script CMakeFiles/cmTC_6cbf9.dir/link.txt --verbose=1
/usr/bin/cc      -rdynamic CMakeFiles/cmTC_6cbf9.dir/CheckIncludeFiles.c.o  -o cmTC_6cbf9 
make[1]: 离开目录“/home/ren/github/test/camera/yuv2jpeg/libjpeg-turbo-master/CMakeFiles/CMakeTmp”


Determining if files stdlib.h exist passed with the following output:
Change Dir: /home/ren/github/test/camera/yuv2jpeg/libjpeg-turbo-master/CMakeFiles/CMakeTmp

Run Build Command:"/usr/bin/make" "cmTC_014c9/fast"
/usr/bin/make -f CMakeFiles/cmTC_014c9.dir/build.make CMakeFiles/cmTC_014c9.dir/build
make[1]: 进入目录“/home/ren/github/test/camera/yuv2jpeg/libjpeg-turbo-master/CMakeFiles/CMakeTmp”
Building C object CMakeFiles/cmTC_014c9.dir/CheckIncludeFiles.c.o
/usr/bin/cc    -o CMakeFiles/cmTC_014c9.dir/CheckIncludeFiles.c.o   -c /home/ren/github/test/camera/yuv2jpeg/libjpeg-turbo-master/CMakeFiles/CMakeTmp/CheckIncludeFiles.c
Linking C executable cmTC_014c9
/usr/bin/cmake -E cmake_link_script CMakeFiles/cmTC_014c9.dir/link.txt --verbose=1
/usr/bin/cc      -rdynamic CMakeFiles/cmTC_014c9.dir/CheckIncludeFiles.c.o  -o cmTC_014c9 
make[1]: 离开目录“/home/ren/github/test/camera/yuv2jpeg/libjpeg-turbo-master/CMakeFiles/CMakeTmp”


Determining if files sys/types.h exist passed with the following output:
Change Dir: /home/ren/github/test/camera/yuv2jpeg/libjpeg-turbo-master/CMakeFiles/CMakeTmp

Run Build Command:"/usr/bin/make" "cmTC_d7705/fast"
/usr/bin/make -f CMakeFiles/cmTC_d7705.dir/build.make CMakeFiles/cmTC_d7705.dir/build
make[1]: 进入目录“/home/ren/github/test/camera/yuv2jpeg/libjpeg-turbo-master/CMakeFiles/CMakeTmp”
Building C object CMakeFiles/cmTC_d7705.dir/CheckIncludeFiles.c.o
/usr/bin/cc    -o CMakeFiles/cmTC_d7705.dir/CheckIncludeFiles.c.o   -c /home/ren/github/test/camera/yuv2jpeg/libjpeg-turbo-master/CMakeFiles/CMakeTmp/CheckIncludeFiles.c
Linking C executable cmTC_d7705
/usr/bin/cmake -E cmake_link_script CMakeFiles/cmTC_d7705.dir/link.txt --verbose=1
/usr/bin/cc      -rdynamic CMakeFiles/cmTC_d7705.dir/CheckIncludeFiles.c.o  -o cmTC_d7705 
make[1]: 离开目录“/home/ren/github/test/camera/yuv2jpeg/libjpeg-turbo-master/CMakeFiles/CMakeTmp”


Determining if the memset exist passed with the following output:
Change Dir: /home/ren/github/test/camera/yuv2jpeg/libjpeg-turbo-master/CMakeFiles/CMakeTmp

Run Build Command:"/usr/bin/make" "cmTC_af9c4/fast"
/usr/bin/make -f CMakeFiles/cmTC_af9c4.dir/build.make CMakeFiles/cmTC_af9c4.dir/build
make[1]: 进入目录“/home/ren/github/test/camera/yuv2jpeg/libjpeg-turbo-master/CMakeFiles/CMakeTmp”
Building C object CMakeFiles/cmTC_af9c4.dir/CheckSymbolExists.c.o
/usr/bin/cc    -o CMakeFiles/cmTC_af9c4.dir/CheckSymbolExists.c.o   -c /home/ren/github/test/camera/yuv2jpeg/libjpeg-turbo-master/CMakeFiles/CMakeTmp/CheckSymbolExists.c
Linking C executable cmTC_af9c4
/usr/bin/cmake -E cmake_link_script CMakeFiles/cmTC_af9c4.dir/link.txt --verbose=1
/usr/bin/cc      -rdynamic CMakeFiles/cmTC_af9c4.dir/CheckSymbolExists.c.o  -o cmTC_af9c4 
make[1]: 离开目录“/home/ren/github/test/camera/yuv2jpeg/libjpeg-turbo-master/CMakeFiles/CMakeTmp”

File /home/ren/github/test/camera/yuv2jpeg/libjpeg-turbo-master/CMakeFiles/CMakeTmp/CheckSymbolExists.c:
/* */
#include <string.h>

int main(int argc, char** argv)
{
  (void)argv;
#ifndef memset
  return ((int*)(&memset))[argc];
#else
  (void)argc;
  return 0;
#endif
}

Determining if the memcpy exist passed with the following output:
Change Dir: /home/ren/github/test/camera/yuv2jpeg/libjpeg-turbo-master/CMakeFiles/CMakeTmp

Run Build Command:"/usr/bin/make" "cmTC_b3299/fast"
/usr/bin/make -f CMakeFiles/cmTC_b3299.dir/build.make CMakeFiles/cmTC_b3299.dir/build
make[1]: 进入目录“/home/ren/github/test/camera/yuv2jpeg/libjpeg-turbo-master/CMakeFiles/CMakeTmp”
Building C object CMakeFiles/cmTC_b3299.dir/CheckSymbolExists.c.o
/usr/bin/cc    -o CMakeFiles/cmTC_b3299.dir/CheckSymbolExists.c.o   -c /home/ren/github/test/camera/yuv2jpeg/libjpeg-turbo-master/CMakeFiles/CMakeTmp/CheckSymbolExists.c
Linking C executable cmTC_b3299
/usr/bin/cmake -E cmake_link_script CMakeFiles/cmTC_b3299.dir/link.txt --verbose=1
/usr/bin/cc      -rdynamic CMakeFiles/cmTC_b3299.dir/CheckSymbolExists.c.o  -o cmTC_b3299 
make[1]: 离开目录“/home/ren/github/test/camera/yuv2jpeg/libjpeg-turbo-master/CMakeFiles/CMakeTmp”

File /home/ren/github/test/camera/yuv2jpeg/libjpeg-turbo-master/CMakeFiles/CMakeTmp/CheckSymbolExists.c:
/* */
#include <string.h>

int main(int argc, char** argv)
{
  (void)argv;
#ifndef memcpy
  return ((int*)(&memcpy))[argc];
#else
  (void)argc;
  return 0;
#endif
}

Determining size of unsigned char passed with the following output:
Change Dir: /home/ren/github/test/camera/yuv2jpeg/libjpeg-turbo-master/CMakeFiles/CMakeTmp

Run Build Command:"/usr/bin/make" "cmTC_9d157/fast"
/usr/bin/make -f CMakeFiles/cmTC_9d157.dir/build.make CMakeFiles/cmTC_9d157.dir/build
make[1]: 进入目录“/home/ren/github/test/camera/yuv2jpeg/libjpeg-turbo-master/CMakeFiles/CMakeTmp”
Building C object CMakeFiles/cmTC_9d157.dir/UNSIGNED_CHAR.c.o
/usr/bin/cc    -o CMakeFiles/cmTC_9d157.dir/UNSIGNED_CHAR.c.o   -c /home/ren/github/test/camera/yuv2jpeg/libjpeg-turbo-master/CMakeFiles/CheckTypeSize/UNSIGNED_CHAR.c
Linking C executable cmTC_9d157
/usr/bin/cmake -E cmake_link_script CMakeFiles/cmTC_9d157.dir/link.txt --verbose=1
/usr/bin/cc      -rdynamic CMakeFiles/cmTC_9d157.dir/UNSIGNED_CHAR.c.o  -o cmTC_9d157 
make[1]: 离开目录“/home/ren/github/test/camera/yuv2jpeg/libjpeg-turbo-master/CMakeFiles/CMakeTmp”


Determining size of unsigned short passed with the following output:
Change Dir: /home/ren/github/test/camera/yuv2jpeg/libjpeg-turbo-master/CMakeFiles/CMakeTmp

Run Build Command:"/usr/bin/make" "cmTC_8a5c8/fast"
/usr/bin/make -f CMakeFiles/cmTC_8a5c8.dir/build.make CMakeFiles/cmTC_8a5c8.dir/build
make[1]: 进入目录“/home/ren/github/test/camera/yuv2jpeg/libjpeg-turbo-master/CMakeFiles/CMakeTmp”
Building C object CMakeFiles/cmTC_8a5c8.dir/UNSIGNED_SHORT.c.o
/usr/bin/cc    -o CMakeFiles/cmTC_8a5c8.dir/UNSIGNED_SHORT.c.o   -c /home/ren/github/test/camera/yuv2jpeg/libjpeg-turbo-master/CMakeFiles/CheckTypeSize/UNSIGNED_SHORT.c
Linking C executable cmTC_8a5c8
/usr/bin/cmake -E cmake_link_script CMakeFiles/cmTC_8a5c8.dir/link.txt --verbose=1
/usr/bin/cc      -rdynamic CMakeFiles/cmTC_8a5c8.dir/UNSIGNED_SHORT.c.o  -o cmTC_8a5c8 
make[1]: 离开目录“/home/ren/github/test/camera/yuv2jpeg/libjpeg-turbo-master/CMakeFiles/CMakeTmp”


Performing C SOURCE FILE Test INCOMPLETE_TYPES succeeded with the following output:
Change Dir: /home/ren/github/test/camera/yuv2jpeg/libjpeg-turbo-master/CMakeFiles/CMakeTmp

Run Build Command:"/usr/bin/make" "cmTC_47d89/fast"
/usr/bin/make -f CMakeFiles/cmTC_47d89.dir/build.make CMakeFiles/cmTC_47d89.dir/build
make[1]: 进入目录“/home/ren/github/test/camera/yuv2jpeg/libjpeg-turbo-master/CMakeFiles/CMakeTmp”
Building C object CMakeFiles/cmTC_47d89.dir/src.c.o
/usr/bin/cc   -DINCOMPLETE_TYPES   -o CMakeFiles/cmTC_47d89.dir/src.c.o   -c /home/ren/github/test/camera/yuv2jpeg/libjpeg-turbo-master/CMakeFiles/CMakeTmp/src.c
Linking C executable cmTC_47d89
/usr/bin/cmake -E cmake_link_script CMakeFiles/cmTC_47d89.dir/link.txt --verbose=1
/usr/bin/cc  -DINCOMPLETE_TYPES    -rdynamic CMakeFiles/cmTC_47d89.dir/src.c.o  -o cmTC_47d89 
make[1]: 离开目录“/home/ren/github/test/camera/yuv2jpeg/libjpeg-turbo-master/CMakeFiles/CMakeTmp”

Source file was:
int main(void) { typedef struct undefined_structure *undef_struct_ptr;  undef_struct_ptr ptr = 0;  return ptr != 0; }
Performing C SOURCE FILE Test INLINE_WORKS succeeded with the following output:
Change Dir: /home/ren/github/test/camera/yuv2jpeg/libjpeg-turbo-master/CMakeFiles/CMakeTmp

Run Build Command:"/usr/bin/make" "cmTC_46f5d/fast"
/usr/bin/make -f CMakeFiles/cmTC_46f5d.dir/build.make CMakeFiles/cmTC_46f5d.dir/build
make[1]: 进入目录“/home/ren/github/test/camera/yuv2jpeg/libjpeg-turbo-master/CMakeFiles/CMakeTmp”
Building C object CMakeFiles/cmTC_46f5d.dir/src.c.o
/usr/bin/cc   -DINLINE_WORKS   -o CMakeFiles/cmTC_46f5d.dir/src.c.o   -c /home/ren/github/test/camera/yuv2jpeg/libjpeg-turbo-master/CMakeFiles/CMakeTmp/src.c
Linking C executable cmTC_46f5d
/usr/bin/cmake -E cmake_link_script CMakeFiles/cmTC_46f5d.dir/link.txt --verbose=1
/usr/bin/cc  -DINLINE_WORKS    -rdynamic CMakeFiles/cmTC_46f5d.dir/src.c.o  -o cmTC_46f5d 
make[1]: 离开目录“/home/ren/github/test/camera/yuv2jpeg/libjpeg-turbo-master/CMakeFiles/CMakeTmp”

Source file was:
__inline__ __attribute__((always_inline)) static int foo(void) { return 0; } int main(void) { return foo(); }
Performing C SOURCE FILE Test HAVE_VERSION_SCRIPT succeeded with the following output:
Change Dir: /home/ren/github/test/camera/yuv2jpeg/libjpeg-turbo-master/CMakeFiles/CMakeTmp

Run Build Command:"/usr/bin/make" "cmTC_41f85/fast"
/usr/bin/make -f CMakeFiles/cmTC_41f85.dir/build.make CMakeFiles/cmTC_41f85.dir/build
make[1]: 进入目录“/home/ren/github/test/camera/yuv2jpeg/libjpeg-turbo-master/CMakeFiles/CMakeTmp”
Building C object CMakeFiles/cmTC_41f85.dir/src.c.o
/usr/bin/cc   -DHAVE_VERSION_SCRIPT -Wl,--version-script,/home/ren/github/test/camera/yuv2jpeg/libjpeg-turbo-master/conftest.map   -o CMakeFiles/cmTC_41f85.dir/src.c.o   -c /home/ren/github/test/camera/yuv2jpeg/libjpeg-turbo-master/CMakeFiles/CMakeTmp/src.c
Linking C executable cmTC_41f85
/usr/bin/cmake -E cmake_link_script CMakeFiles/cmTC_41f85.dir/link.txt --verbose=1
/usr/bin/cc  -DHAVE_VERSION_SCRIPT -Wl,--version-script,/home/ren/github/test/camera/yuv2jpeg/libjpeg-turbo-master/conftest.map    -rdynamic CMakeFiles/cmTC_41f85.dir/src.c.o  -o cmTC_41f85 
make[1]: 离开目录“/home/ren/github/test/camera/yuv2jpeg/libjpeg-turbo-master/CMakeFiles/CMakeTmp”

Source file was:
int main(void) { return 0; }
Looking for a ASM_NASM compiler passed with the following output:
-- The ASM_NASM compiler identification is NASM
-- Found assembler: /usr/bin/nasm
-- Configuring done
-- Generating done
-- Build files have been written to: /home/ren/github/test/camera/yuv2jpeg/libjpeg-turbo-master/simd/CMakeFiles/CheckASM_NASM

Checking whether the ASM_NASM compiler is NASM using "-v" matched "(NASM version)":
NASM version 2.13.02
